[PRIMARY.SHARE.HOLDS.RPT]

TARGET=ACCOUNT

DEFINE
 TOTALVAR001=MONEY
 TOTALVAR002=MONEY
END

SETUP
 TOTALVAR001=$0.00
 TOTALVAR002=$0.00
END

SELECT
 SAVINGS:ID="00" AND
 SAVINGS:CLOSEDATE='--/--/--' AND
 SAVINGS HOLD:AMOUNT>$0.00
END

SORT
 SAVINGS HOLD:AMOUNT
END

PRINT TITLE="PRIMARY SHARE HOLD ACCOUNTS"
HEADERS
 COL=002 "ACCOUNT"
 COL=017 "NAME"
 COL=040 "ID"
 COL=050 "BALANCE"
 COL=070 "HOLD AMT"
 COL=090 "HOLD TYPE"
 NEWLINE
 COL=001 REPEATCHR("-",120)
END

 COL=014 RIGHT ACCOUNT:NUMBER
 COL=017 NAME:SHORTNAME
 COL=040 SAVINGS:ID
 COL=056 RIGHT SAVINGS:BALANCE
 COL=077 RIGHT SAVINGS HOLD:AMOUNT
 COL=090 SAVINGS HOLD:TYPE
 NEWLINE
 TOTALVAR001=TOTALVAR001+SAVINGS HOLD:AMOUNT
 TOTALVAR002=TOTALVAR002+SAVINGS:BALANCE
END

TOTAL
 PRINT REPEATCHR("-",120)
 NEWLINE
 COL=001 "Total Hold Balance:"
 COL=073 TOTALVAR001
 NEWLINE
 COL=001 "Total Account Balance:"
 COL=073 TOTALVAR002
END
